<?xml version="1.0" encoding="UTF-8"?>
<testsuite xmlns:xsi="http://www.w3.org/2001/XMLSchema-instance" xsi:noNamespaceSchemaLocation="https://maven.apache.org/surefire/maven-surefire-plugin/xsd/surefire-test-report-3.0.xsd" version="3.0" name="runners.TestRunner" time="8.945" tests="4" errors="0" skipped="0" failures="0">
  <properties>
[...]
</properties>
  <testcase name="runScenario[&quot;Test get list of books API, validate the response code and the response body&quot;, &quot;Get list of books API&quot;](1)" classname="runners.TestRunner" time="2.829">
    <system-err><![CDATA[SLF4J: Failed to load class "org.slf4j.impl.StaticLoggerBinder".
SLF4J: Defaulting to no-operation (NOP) logger implementation
SLF4J: See http://www.slf4j.org/codes.html#StaticLoggerBinder for further details.
]]></system-err>
  </testcase>
  <testcase name="runScenario[&quot;Test get a single book API which returns a book entity with more details&quot;, &quot;Get single book API&quot;](2)" classname="runners.TestRunner" time="3.068"/>
  <testcase name="runScenario[&quot;Test getting non existant book id&quot;, &quot;Get single book API&quot;](3)" classname="runners.TestRunner" time="0.845">
    <system-out><![CDATA[0
]]></system-out>
  </testcase>
  <testcase name="runScenario[&quot;Test Get Status , Validate Response Code and Response Body&quot;, &quot;Get Status API&quot;](4)" classname="runners.TestRunner" time="1.089"/>
</testsuite>