<?xml version="1.0" encoding="UTF-8"?>
<testng-results ignored="0" total="4" passed="4" failed="0" skipped="0">
  <reporter-output>
  </reporter-output>
  <suite started-at="2024-07-01T02:39:38 EET" name="Surefire suite" finished-at="2024-07-01T02:39:47 EET" duration-ms="8126">
    <groups>
      <group name="cucumber">
        <method signature="AbstractTestNGCucumberTests.runScenario(io.cucumber.testng.PickleWrapper,io.cucumber.testng.FeatureWrapper)[pri:0, instance:runners.TestRunner@43cf6ea3]" name="runScenario" class="io.cucumber.testng.AbstractTestNGCucumberTests"/>
      </group> <!-- cucumber -->
    </groups>
    <test started-at="2024-07-01T02:39:38 EET" name="Surefire test" finished-at="2024-07-01T02:39:47 EET" duration-ms="8126">
      <class name="runners.TestRunner">
        <test-method is-config="true" signature="setUpClass(org.testng.ITestContext)[pri:0, instance:runners.TestRunner@43cf6ea3]" started-at="2024-07-01T02:39:38 EET" name="setUpClass" finished-at="2024-07-01T02:39:39 EET" duration-ms="247" status="PASS">
          <params>
            <param index="0">
              <value>
                <![CDATA[org.testng.TestRunner@703e5614]]>
              </value>
            </param>
          </params>
          <reporter-output>
          </reporter-output>
        </test-method> <!-- setUpClass -->
        <test-method signature="runScenario(io.cucumber.testng.PickleWrapper,io.cucumber.testng.FeatureWrapper)[pri:0, instance:runners.TestRunner@43cf6ea3]" started-at="2024-07-01T02:39:39 EET" name="runScenario" description="Runs Cucumber Scenarios" data-provider="scenarios" finished-at="2024-07-01T02:39:41 EET" duration-ms="2829" status="PASS">
          <params>
            <param index="0">
              <value>
                <![CDATA["Test get list of books API, validate the response code and the response body"]]>
              </value>
            </param>
            <param index="1">
              <value>
                <![CDATA["Get list of books API"]]>
              </value>
            </param>
          </params>
          <reporter-output>
          </reporter-output>
        </test-method> <!-- runScenario -->
        <test-method signature="runScenario(io.cucumber.testng.PickleWrapper,io.cucumber.testng.FeatureWrapper)[pri:0, instance:runners.TestRunner@43cf6ea3]" started-at="2024-07-01T02:39:41 EET" name="runScenario" description="Runs Cucumber Scenarios" data-provider="scenarios" finished-at="2024-07-01T02:39:45 EET" duration-ms="3067" status="PASS">
          <params>
            <param index="0">
              <value>
                <![CDATA["Test get a single book API which returns a book entity with more details"]]>
              </value>
            </param>
            <param index="1">
              <value>
                <![CDATA["Get single book API"]]>
              </value>
            </param>
          </params>
          <reporter-output>
          </reporter-output>
        </test-method> <!-- runScenario -->
        <test-method signature="runScenario(io.cucumber.testng.PickleWrapper,io.cucumber.testng.FeatureWrapper)[pri:0, instance:runners.TestRunner@43cf6ea3]" started-at="2024-07-01T02:39:45 EET" name="runScenario" description="Runs Cucumber Scenarios" data-provider="scenarios" finished-at="2024-07-01T02:39:45 EET" duration-ms="845" status="PASS">
          <params>
            <param index="0">
              <value>
                <![CDATA["Test getting non existant book id"]]>
              </value>
            </param>
            <param index="1">
              <value>
                <![CDATA["Get single book API"]]>
              </value>
            </param>
          </params>
          <reporter-output>
          </reporter-output>
        </test-method> <!-- runScenario -->
        <test-method signature="runScenario(io.cucumber.testng.PickleWrapper,io.cucumber.testng.FeatureWrapper)[pri:0, instance:runners.TestRunner@43cf6ea3]" started-at="2024-07-01T02:39:45 EET" name="runScenario" description="Runs Cucumber Scenarios" data-provider="scenarios" finished-at="2024-07-01T02:39:46 EET" duration-ms="1089" status="PASS">
          <params>
            <param index="0">
              <value>
                <![CDATA["Test Get Status , Validate Response Code and Response Body"]]>
              </value>
            </param>
            <param index="1">
              <value>
                <![CDATA["Get Status API"]]>
              </value>
            </param>
          </params>
          <reporter-output>
          </reporter-output>
        </test-method> <!-- runScenario -->
        <test-method is-config="true" signature="tearDownClass()[pri:0, instance:runners.TestRunner@43cf6ea3]" started-at="2024-07-01T02:39:46 EET" name="tearDownClass" finished-at="2024-07-01T02:39:47 EET" duration-ms="2" status="PASS">
          <reporter-output>
          </reporter-output>
        </test-method> <!-- tearDownClass -->
      </class> <!-- runners.TestRunner -->
    </test> <!-- Surefire test -->
  </suite> <!-- Surefire suite -->
</testng-results>
